[2022-08-16 21:16:05,310] werkzeug - WARNING -  * Debugger is active!
[2022-08-16 21:16:05,322] werkzeug - INFO -  * Debugger PIN: 330-354-700
[2022-08-16 21:16:05,351] werkzeug - INFO -  * Running on http://127.0.0.1:5000/ (Press CTRL+C to quit)
[2022-08-16 22:09:24,526] werkzeug - INFO -  * Detected change in 'C:\\Users\\dell\\anaconda3\\Scripts\\conda-script.py', reloading
[2022-08-16 22:09:24,575] werkzeug - INFO -  * Detected change in 'C:\\Users\\dell\\anaconda3\\Lib\\encodings\\__pycache__\\__init__.cpython-38.pyc', reloading
[2022-08-16 22:09:24,576] werkzeug - INFO -  * Detected change in 'C:\\Users\\dell\\anaconda3\\Lib\\__pycache__\\codecs.cpython-38.pyc', reloading
[2022-08-16 22:09:24,579] werkzeug - INFO -  * Detected change in 'C:\\Users\\dell\\anaconda3\\Lib\\encodings\\__pycache__\\aliases.cpython-38.pyc', reloading
[2022-08-16 22:09:24,580] werkzeug - INFO -  * Detected change in 'C:\\Users\\dell\\anaconda3\\Lib\\encodings\\__pycache__\\utf_8.cpython-38.pyc', reloading
[2022-08-16 22:09:24,581] werkzeug - INFO -  * Detected change in 'C:\\Users\\dell\\anaconda3\\Lib\\encodings\\__pycache__\\cp1252.cpython-38.pyc', reloading
[2022-08-16 22:09:24,582] werkzeug - INFO -  * Detected change in 'C:\\Users\\dell\\anaconda3\\Lib\\encodings\\__pycache__\\latin_1.cpython-38.pyc', reloading
[2022-08-16 22:09:24,583] werkzeug - INFO -  * Detected change in 'C:\\Users\\dell\\anaconda3\\Lib\\__pycache__\\io.cpython-38.pyc', reloading
[2022-08-16 22:09:24,583] werkzeug - INFO -  * Detected change in 'C:\\Users\\dell\\anaconda3\\Lib\\__pycache__\\abc.cpython-38.pyc', reloading
[2022-08-16 22:09:24,584] werkzeug - INFO -  * Detected change in 'C:\\Users\\dell\\anaconda3\\Lib\\__pycache__\\site.cpython-38.pyc', reloading
[2022-08-16 22:09:24,584] werkzeug - INFO -  * Detected change in 'C:\\Users\\dell\\anaconda3\\Lib\\__pycache__\\os.cpython-38.pyc', reloading
[2022-08-16 22:09:24,585] werkzeug - INFO -  * Detected change in 'C:\\Users\\dell\\anaconda3\\Lib\\__pycache__\\stat.cpython-38.pyc', reloading
[2022-08-16 22:09:24,586] werkzeug - INFO -  * Detected change in 'C:\\Users\\dell\\anaconda3\\Lib\\__pycache__\\_collections_abc.cpython-38.pyc', reloading
[2022-08-16 22:09:24,588] werkzeug - INFO -  * Detected change in 'C:\\Users\\dell\\anaconda3\\Lib\\__pycache__\\ntpath.cpython-38.pyc', reloading
[2022-08-16 22:09:24,589] werkzeug - INFO -  * Detected change in 'C:\\Users\\dell\\anaconda3\\Lib\\__pycache__\\genericpath.cpython-38.pyc', reloading
[2022-08-16 22:09:24,590] werkzeug - INFO -  * Detected change in 'C:\\Users\\dell\\anaconda3\\Lib\\__pycache__\\_sitebuiltins.cpython-38.pyc', reloading
[2022-08-16 22:09:24,593] werkzeug - INFO -  * Detected change in 'C:\\Users\\dell\\anaconda3\\Lib\\__pycache__\\_bootlocale.cpython-38.pyc', reloading
[2022-08-16 22:09:24,596] werkzeug - INFO -  * Detected change in 'C:\\Users\\dell\\anaconda3\\Lib\\__pycache__\\types.cpython-38.pyc', reloading
[2022-08-16 22:09:24,597] werkzeug - INFO -  * Detected change in 'C:\\Users\\dell\\anaconda3\\Lib\\importlib\\__pycache__\\__init__.cpython-38.pyc', reloading
[2022-08-16 22:09:24,598] werkzeug - INFO -  * Detected change in 'C:\\Users\\dell\\anaconda3\\Lib\\__pycache__\\warnings.cpython-38.pyc', reloading
[2022-08-16 22:09:24,599] werkzeug - INFO -  * Detected change in 'C:\\Users\\dell\\anaconda3\\Lib\\importlib\\__pycache__\\util.cpython-38.pyc', reloading
[2022-08-16 22:09:24,600] werkzeug - INFO -  * Detected change in 'C:\\Users\\dell\\anaconda3\\Lib\\importlib\\__pycache__\\abc.cpython-38.pyc', reloading
[2022-08-16 22:09:24,600] werkzeug - INFO -  * Detected change in 'C:\\Users\\dell\\anaconda3\\Lib\\importlib\\__pycache__\\machinery.cpython-38.pyc', reloading
[2022-08-16 22:09:24,601] werkzeug - INFO -  * Detected change in 'C:\\Users\\dell\\anaconda3\\Lib\\__pycache__\\contextlib.cpython-38.pyc', reloading
[2022-08-16 22:09:24,602] werkzeug - INFO -  * Detected change in 'C:\\Users\\dell\\anaconda3\\Lib\\collections\\__pycache__\\__init__.cpython-38.pyc', reloading
[2022-08-16 22:09:24,603] werkzeug - INFO -  * Detected change in 'C:\\Users\\dell\\anaconda3\\Lib\\__pycache__\\operator.cpython-38.pyc', reloading
[2022-08-16 22:09:24,604] werkzeug - INFO -  * Detected change in 'C:\\Users\\dell\\anaconda3\\Lib\\__pycache__\\keyword.cpython-38.pyc', reloading
[2022-08-16 22:09:24,605] werkzeug - INFO -  * Detected change in 'C:\\Users\\dell\\anaconda3\\Lib\\__pycache__\\heapq.cpython-38.pyc', reloading
[2022-08-16 22:09:24,605] werkzeug - INFO -  * Detected change in 'C:\\Users\\dell\\anaconda3\\Lib\\__pycache__\\reprlib.cpython-38.pyc', reloading
[2022-08-16 22:09:24,608] werkzeug - INFO -  * Detected change in 'C:\\Users\\dell\\anaconda3\\Lib\\__pycache__\\functools.cpython-38.pyc', reloading
