[2022-08-16 18:26:08,897] werkzeug - WARNING -  * Debugger is active!
[2022-08-16 18:26:08,916] werkzeug - INFO -  * Debugger PIN: 330-354-700
[2022-08-16 18:26:08,948] werkzeug - INFO -  * Detected change in 'C:\\Users\\dell\\anaconda3\\pkgs\\python-3.9.7-h6244533_1\\Lib\\__pycache__\\abc.cpython-39.pyc', reloading
[2022-08-16 18:26:08,948] werkzeug - INFO -  * Detected change in 'C:\\Users\\dell\\anaconda3\\pkgs\\python-3.9.7-h6244533_1\\Lib\\__pycache__\\abc.cpython-39.pyc', reloading
[2022-08-16 18:26:08,953] werkzeug - INFO -  * Detected change in 'C:\\Users\\dell\\anaconda3\\pkgs\\python-3.9.7-h6244533_1\\Lib\\__pycache__\\codecs.cpython-39.pyc', reloading
[2022-08-16 18:26:08,953] werkzeug - INFO -  * Running on http://127.0.0.1:5000/ (Press CTRL+C to quit)
[2022-08-16 18:26:08,953] werkzeug - INFO -  * Detected change in 'C:\\Users\\dell\\anaconda3\\pkgs\\python-3.9.7-h6244533_1\\Lib\\__pycache__\\codecs.cpython-39.pyc', reloading
[2022-08-16 18:26:08,954] werkzeug - INFO -  * Detected change in 'C:\\Users\\dell\\anaconda3\\pkgs\\python-3.9.7-h6244533_1\\Lib\\__pycache__\\contextlib.cpython-39.pyc', reloading
[2022-08-16 18:26:08,954] werkzeug - INFO -  * Detected change in 'C:\\Users\\dell\\anaconda3\\pkgs\\python-3.9.7-h6244533_1\\Lib\\__pycache__\\copyreg.cpython-39.pyc', reloading
[2022-08-16 18:26:08,954] werkzeug - INFO -  * Detected change in 'C:\\Users\\dell\\anaconda3\\pkgs\\python-3.9.7-h6244533_1\\Lib\\__pycache__\\copyreg.cpython-39.pyc', reloading
[2022-08-16 18:26:08,955] werkzeug - INFO -  * Detected change in 'C:\\Users\\dell\\anaconda3\\pkgs\\python-3.9.7-h6244533_1\\Lib\\__pycache__\\enum.cpython-39.pyc', reloading
[2022-08-16 18:26:08,955] werkzeug - INFO -  * Detected change in 'C:\\Users\\dell\\anaconda3\\pkgs\\python-3.9.7-h6244533_1\\Lib\\__pycache__\\enum.cpython-39.pyc', reloading
[2022-08-16 18:26:08,957] werkzeug - INFO -  * Detected change in 'C:\\Users\\dell\\anaconda3\\pkgs\\python-3.9.7-h6244533_1\\Lib\\__pycache__\\functools.cpython-39.pyc', reloading
[2022-08-16 18:26:08,957] werkzeug - INFO -  * Detected change in 'C:\\Users\\dell\\anaconda3\\pkgs\\python-3.9.7-h6244533_1\\Lib\\__pycache__\\functools.cpython-39.pyc', reloading
[2022-08-16 18:26:08,957] werkzeug - INFO -  * Detected change in 'C:\\Users\\dell\\anaconda3\\pkgs\\python-3.9.7-h6244533_1\\Lib\\__pycache__\\genericpath.cpython-39.pyc', reloading
[2022-08-16 18:26:08,957] werkzeug - INFO -  * Detected change in 'C:\\Users\\dell\\anaconda3\\pkgs\\python-3.9.7-h6244533_1\\Lib\\__pycache__\\genericpath.cpython-39.pyc', reloading
[2022-08-16 18:26:08,958] werkzeug - INFO -  * Detected change in 'C:\\Users\\dell\\anaconda3\\pkgs\\python-3.9.7-h6244533_1\\Lib\\__pycache__\\heapq.cpython-39.pyc', reloading
[2022-08-16 18:26:08,958] werkzeug - INFO -  * Detected change in 'C:\\Users\\dell\\anaconda3\\pkgs\\python-3.9.7-h6244533_1\\Lib\\__pycache__\\heapq.cpython-39.pyc', reloading
[2022-08-16 18:26:08,959] werkzeug - INFO -  * Detected change in 'C:\\Users\\dell\\anaconda3\\pkgs\\python-3.9.7-h6244533_1\\Lib\\__pycache__\\io.cpython-39.pyc', reloading
[2022-08-16 18:26:08,959] werkzeug - INFO -  * Detected change in 'C:\\Users\\dell\\anaconda3\\pkgs\\python-3.9.7-h6244533_1\\Lib\\__pycache__\\io.cpython-39.pyc', reloading
[2022-08-16 18:26:08,959] werkzeug - INFO -  * Detected change in 'C:\\Users\\dell\\anaconda3\\pkgs\\python-3.9.7-h6244533_1\\Lib\\__pycache__\\keyword.cpython-39.pyc', reloading
[2022-08-16 18:26:08,959] werkzeug - INFO -  * Detected change in 'C:\\Users\\dell\\anaconda3\\pkgs\\python-3.9.7-h6244533_1\\Lib\\__pycache__\\keyword.cpython-39.pyc', reloading
[2022-08-16 18:26:08,959] werkzeug - INFO -  * Detected change in 'C:\\Users\\dell\\anaconda3\\pkgs\\python-3.9.7-h6244533_1\\Lib\\__pycache__\\ntpath.cpython-39.pyc', reloading
[2022-08-16 18:26:08,959] werkzeug - INFO -  * Detected change in 'C:\\Users\\dell\\anaconda3\\pkgs\\python-3.9.7-h6244533_1\\Lib\\__pycache__\\ntpath.cpython-39.pyc', reloading
[2022-08-16 18:26:08,960] werkzeug - INFO -  * Detected change in 'C:\\Users\\dell\\anaconda3\\pkgs\\python-3.9.7-h6244533_1\\Lib\\__pycache__\\operator.cpython-39.pyc', reloading
[2022-08-16 18:26:08,960] werkzeug - INFO -  * Detected change in 'C:\\Users\\dell\\anaconda3\\pkgs\\python-3.9.7-h6244533_1\\Lib\\__pycache__\\operator.cpython-39.pyc', reloading
[2022-08-16 18:26:08,960] werkzeug - INFO -  * Detected change in 'C:\\Users\\dell\\anaconda3\\pkgs\\python-3.9.7-h6244533_1\\Lib\\__pycache__\\os.cpython-39.pyc', reloading
[2022-08-16 18:26:08,961] werkzeug - INFO -  * Detected change in 'C:\\Users\\dell\\anaconda3\\pkgs\\python-3.9.7-h6244533_1\\Lib\\__pycache__\\os.cpython-39.pyc', reloading
[2022-08-16 18:26:08,961] werkzeug - INFO -  * Detected change in 'C:\\Users\\dell\\anaconda3\\pkgs\\python-3.9.7-h6244533_1\\Lib\\__pycache__\\pkgutil.cpython-39.pyc', reloading
[2022-08-16 18:26:08,961] werkzeug - INFO -  * Detected change in 'C:\\Users\\dell\\anaconda3\\pkgs\\python-3.9.7-h6244533_1\\Lib\\__pycache__\\pkgutil.cpython-39.pyc', reloading
[2022-08-16 18:26:08,962] werkzeug - INFO -  * Detected change in 'C:\\Users\\dell\\anaconda3\\pkgs\\python-3.9.7-h6244533_1\\Lib\\__pycache__\\re.cpython-39.pyc', reloading
[2022-08-16 18:26:08,962] werkzeug - INFO -  * Detected change in 'C:\\Users\\dell\\anaconda3\\pkgs\\python-3.9.7-h6244533_1\\Lib\\__pycache__\\re.cpython-39.pyc', reloading
[2022-08-16 18:26:08,962] werkzeug - INFO -  * Detected change in 'C:\\Users\\dell\\anaconda3\\pkgs\\python-3.9.7-h6244533_1\\Lib\\__pycache__\\reprlib.cpython-39.pyc', reloading
[2022-08-16 18:26:08,963] werkzeug - INFO -  * Detected change in 'C:\\Users\\dell\\anaconda3\\pkgs\\python-3.9.7-h6244533_1\\Lib\\__pycache__\\reprlib.cpython-39.pyc', reloading
[2022-08-16 18:26:08,963] werkzeug - INFO -  * Detected change in 'C:\\Users\\dell\\anaconda3\\pkgs\\python-3.9.7-h6244533_1\\Lib\\__pycache__\\runpy.cpython-39.pyc', reloading
[2022-08-16 18:26:08,963] werkzeug - INFO -  * Detected change in 'C:\\Users\\dell\\anaconda3\\pkgs\\python-3.9.7-h6244533_1\\Lib\\__pycache__\\runpy.cpython-39.pyc', reloading
[2022-08-16 18:26:08,963] werkzeug - INFO -  * Detected change in 'C:\\Users\\dell\\anaconda3\\pkgs\\python-3.9.7-h6244533_1\\Lib\\__pycache__\\site.cpython-39.pyc', reloading
[2022-08-16 18:26:08,963] werkzeug - INFO -  * Detected change in 'C:\\Users\\dell\\anaconda3\\pkgs\\python-3.9.7-h6244533_1\\Lib\\__pycache__\\site.cpython-39.pyc', reloading
[2022-08-16 18:26:08,964] werkzeug - INFO -  * Detected change in 'C:\\Users\\dell\\anaconda3\\pkgs\\python-3.9.7-h6244533_1\\Lib\\__pycache__\\sre_compile.cpython-39.pyc', reloading
[2022-08-16 18:26:08,964] werkzeug - INFO -  * Detected change in 'C:\\Users\\dell\\anaconda3\\pkgs\\python-3.9.7-h6244533_1\\Lib\\__pycache__\\sre_compile.cpython-39.pyc', reloading
[2022-08-16 18:26:08,964] werkzeug - INFO -  * Detected change in 'C:\\Users\\dell\\anaconda3\\pkgs\\python-3.9.7-h6244533_1\\Lib\\__pycache__\\sre_constants.cpython-39.pyc', reloading
[2022-08-16 18:26:08,964] werkzeug - INFO -  * Detected change in 'C:\\Users\\dell\\anaconda3\\pkgs\\python-3.9.7-h6244533_1\\Lib\\__pycache__\\sre_constants.cpython-39.pyc', reloading
[2022-08-16 18:26:08,964] werkzeug - INFO -  * Detected change in 'C:\\Users\\dell\\anaconda3\\pkgs\\python-3.9.7-h6244533_1\\Lib\\__pycache__\\sre_parse.cpython-39.pyc', reloading
[2022-08-16 18:26:08,964] werkzeug - INFO -  * Detected change in 'C:\\Users\\dell\\anaconda3\\pkgs\\python-3.9.7-h6244533_1\\Lib\\__pycache__\\sre_parse.cpython-39.pyc', reloading
[2022-08-16 18:26:08,965] werkzeug - INFO -  * Detected change in 'C:\\Users\\dell\\anaconda3\\pkgs\\python-3.9.7-h6244533_1\\Lib\\__pycache__\\stat.cpython-39.pyc', reloading
[2022-08-16 18:26:08,965] werkzeug - INFO -  * Detected change in 'C:\\Users\\dell\\anaconda3\\pkgs\\python-3.9.7-h6244533_1\\Lib\\__pycache__\\stat.cpython-39.pyc', reloading
[2022-08-16 18:26:08,969] werkzeug - INFO -  * Detected change in 'C:\\Users\\dell\\anaconda3\\pkgs\\python-3.9.7-h6244533_1\\Lib\\__pycache__\\types.cpython-39.pyc', reloading
[2022-08-16 18:26:08,970] werkzeug - INFO -  * Detected change in 'C:\\Users\\dell\\anaconda3\\pkgs\\python-3.9.7-h6244533_1\\Lib\\__pycache__\\types.cpython-39.pyc', reloading
[2022-08-16 18:26:08,970] werkzeug - INFO -  * Detected change in 'C:\\Users\\dell\\anaconda3\\pkgs\\python-3.9.7-h6244533_1\\Lib\\__pycache__\\typing.cpython-39.pyc', reloading
[2022-08-16 18:26:08,970] werkzeug - INFO -  * Detected change in 'C:\\Users\\dell\\anaconda3\\pkgs\\python-3.9.7-h6244533_1\\Lib\\__pycache__\\typing.cpython-39.pyc', reloading
[2022-08-16 18:26:08,971] werkzeug - INFO -  * Detected change in 'C:\\Users\\dell\\anaconda3\\pkgs\\python-3.9.7-h6244533_1\\Lib\\__pycache__\\warnings.cpython-39.pyc', reloading
[2022-08-16 18:26:08,971] werkzeug - INFO -  * Detected change in 'C:\\Users\\dell\\anaconda3\\pkgs\\python-3.9.7-h6244533_1\\Lib\\__pycache__\\warnings.cpython-39.pyc', reloading
[2022-08-16 18:26:08,972] werkzeug - INFO -  * Detected change in 'C:\\Users\\dell\\anaconda3\\pkgs\\python-3.9.7-h6244533_1\\Lib\\__pycache__\\weakref.cpython-39.pyc', reloading
[2022-08-16 18:26:08,972] werkzeug - INFO -  * Detected change in 'C:\\Users\\dell\\anaconda3\\pkgs\\python-3.9.7-h6244533_1\\Lib\\__pycache__\\weakref.cpython-39.pyc', reloading
[2022-08-16 18:26:08,972] werkzeug - INFO -  * Detected change in 'C:\\Users\\dell\\anaconda3\\pkgs\\python-3.9.7-h6244533_1\\Lib\\__pycache__\\_bootlocale.cpython-39.pyc', reloading
[2022-08-16 18:26:08,972] werkzeug - INFO -  * Detected change in 'C:\\Users\\dell\\anaconda3\\pkgs\\python-3.9.7-h6244533_1\\Lib\\__pycache__\\_bootlocale.cpython-39.pyc', reloading
[2022-08-16 18:26:08,972] werkzeug - INFO -  * Detected change in 'C:\\Users\\dell\\anaconda3\\pkgs\\python-3.9.7-h6244533_1\\Lib\\__pycache__\\_collections_abc.cpython-39.pyc', reloading
[2022-08-16 18:26:08,972] werkzeug - INFO -  * Detected change in 'C:\\Users\\dell\\anaconda3\\pkgs\\python-3.9.7-h6244533_1\\Lib\\__pycache__\\_collections_abc.cpython-39.pyc', reloading
[2022-08-16 18:26:08,974] werkzeug - INFO -  * Detected change in 'C:\\Users\\dell\\anaconda3\\pkgs\\python-3.9.7-h6244533_1\\Lib\\__pycache__\\_sitebuiltins.cpython-39.pyc', reloading
[2022-08-16 18:26:08,974] werkzeug - INFO -  * Detected change in 'C:\\Users\\dell\\anaconda3\\pkgs\\python-3.9.7-h6244533_1\\Lib\\__pycache__\\_sitebuiltins.cpython-39.pyc', reloading
[2022-08-16 18:26:08,975] werkzeug - INFO -  * Detected change in 'C:\\Users\\dell\\anaconda3\\pkgs\\python-3.9.7-h6244533_1\\Lib\\__pycache__\\_weakrefset.cpython-39.pyc', reloading
[2022-08-16 18:26:08,976] werkzeug - INFO -  * Detected change in 'C:\\Users\\dell\\anaconda3\\pkgs\\python-3.9.7-h6244533_1\\Lib\\__pycache__\\_weakrefset.cpython-39.pyc', reloading
