[2022-08-16 19:16:57,570] werkzeug - WARNING -  * Debugger is active!
[2022-08-16 19:16:57,580] werkzeug - INFO -  * Debugger PIN: 330-354-700
[2022-08-16 19:16:57,607] werkzeug - INFO -  * Running on http://127.0.0.1:5000/ (Press CTRL+C to quit)
[2022-08-16 19:19:22,892] werkzeug - INFO -  * Detected change in 'C:\\Users\\dell\\anaconda3\\Scripts\\conda-script.py', reloading
[2022-08-16 19:19:22,921] werkzeug - INFO -  * Detected change in 'C:\\Users\\dell\\anaconda3\\Lib\\encodings\\__pycache__\\__init__.cpython-38.pyc', reloading
[2022-08-16 19:19:22,922] werkzeug - INFO -  * Detected change in 'C:\\Users\\dell\\anaconda3\\Lib\\__pycache__\\codecs.cpython-38.pyc', reloading
[2022-08-16 19:19:22,924] werkzeug - INFO -  * Detected change in 'C:\\Users\\dell\\anaconda3\\Lib\\encodings\\__pycache__\\aliases.cpython-38.pyc', reloading
[2022-08-16 19:19:22,925] werkzeug - INFO -  * Detected change in 'C:\\Users\\dell\\anaconda3\\Lib\\encodings\\__pycache__\\utf_8.cpython-38.pyc', reloading
[2022-08-16 19:19:22,926] werkzeug - INFO -  * Detected change in 'C:\\Users\\dell\\anaconda3\\Lib\\encodings\\__pycache__\\cp1252.cpython-38.pyc', reloading
[2022-08-16 19:19:22,927] werkzeug - INFO -  * Detected change in 'C:\\Users\\dell\\anaconda3\\Lib\\encodings\\__pycache__\\latin_1.cpython-38.pyc', reloading
[2022-08-16 19:19:22,928] werkzeug - INFO -  * Detected change in 'C:\\Users\\dell\\anaconda3\\Lib\\__pycache__\\io.cpython-38.pyc', reloading
[2022-08-16 19:19:22,928] werkzeug - INFO -  * Detected change in 'C:\\Users\\dell\\anaconda3\\Lib\\__pycache__\\abc.cpython-38.pyc', reloading
[2022-08-16 19:19:22,929] werkzeug - INFO -  * Detected change in 'C:\\Users\\dell\\anaconda3\\Lib\\__pycache__\\site.cpython-38.pyc', reloading
[2022-08-16 19:19:22,930] werkzeug - INFO -  * Detected change in 'C:\\Users\\dell\\anaconda3\\Lib\\__pycache__\\os.cpython-38.pyc', reloading
[2022-08-16 19:19:22,931] werkzeug - INFO -  * Detected change in 'C:\\Users\\dell\\anaconda3\\Lib\\__pycache__\\stat.cpython-38.pyc', reloading
[2022-08-16 19:19:22,933] werkzeug - INFO -  * Detected change in 'C:\\Users\\dell\\anaconda3\\Lib\\__pycache__\\_collections_abc.cpython-38.pyc', reloading
[2022-08-16 19:19:22,934] werkzeug - INFO -  * Detected change in 'C:\\Users\\dell\\anaconda3\\Lib\\__pycache__\\ntpath.cpython-38.pyc', reloading
[2022-08-16 19:19:22,935] werkzeug - INFO -  * Detected change in 'C:\\Users\\dell\\anaconda3\\Lib\\__pycache__\\genericpath.cpython-38.pyc', reloading
[2022-08-16 19:19:22,936] werkzeug - INFO -  * Detected change in 'C:\\Users\\dell\\anaconda3\\Lib\\__pycache__\\_sitebuiltins.cpython-38.pyc', reloading
[2022-08-16 19:19:22,939] werkzeug - INFO -  * Detected change in 'C:\\Users\\dell\\anaconda3\\Lib\\__pycache__\\_bootlocale.cpython-38.pyc', reloading
[2022-08-16 19:19:22,943] werkzeug - INFO -  * Detected change in 'C:\\Users\\dell\\anaconda3\\Lib\\__pycache__\\types.cpython-38.pyc', reloading
[2022-08-16 19:19:22,943] werkzeug - INFO -  * Detected change in 'C:\\Users\\dell\\anaconda3\\Lib\\importlib\\__pycache__\\__init__.cpython-38.pyc', reloading
[2022-08-16 19:19:22,944] werkzeug - INFO -  * Detected change in 'C:\\Users\\dell\\anaconda3\\Lib\\__pycache__\\warnings.cpython-38.pyc', reloading
[2022-08-16 19:19:22,945] werkzeug - INFO -  * Detected change in 'C:\\Users\\dell\\anaconda3\\Lib\\importlib\\__pycache__\\util.cpython-38.pyc', reloading
[2022-08-16 19:19:22,945] werkzeug - INFO -  * Detected change in 'C:\\Users\\dell\\anaconda3\\Lib\\importlib\\__pycache__\\abc.cpython-38.pyc', reloading
[2022-08-16 19:19:22,946] werkzeug - INFO -  * Detected change in 'C:\\Users\\dell\\anaconda3\\Lib\\importlib\\__pycache__\\machinery.cpython-38.pyc', reloading
[2022-08-16 19:19:22,947] werkzeug - INFO -  * Detected change in 'C:\\Users\\dell\\anaconda3\\Lib\\__pycache__\\contextlib.cpython-38.pyc', reloading
[2022-08-16 19:19:22,948] werkzeug - INFO -  * Detected change in 'C:\\Users\\dell\\anaconda3\\Lib\\collections\\__pycache__\\__init__.cpython-38.pyc', reloading
[2022-08-16 19:19:22,950] werkzeug - INFO -  * Detected change in 'C:\\Users\\dell\\anaconda3\\Lib\\__pycache__\\operator.cpython-38.pyc', reloading
[2022-08-16 19:19:22,951] werkzeug - INFO -  * Detected change in 'C:\\Users\\dell\\anaconda3\\Lib\\__pycache__\\keyword.cpython-38.pyc', reloading
[2022-08-16 19:19:22,951] werkzeug - INFO -  * Detected change in 'C:\\Users\\dell\\anaconda3\\Lib\\__pycache__\\heapq.cpython-38.pyc', reloading
[2022-08-16 19:19:22,952] werkzeug - INFO -  * Detected change in 'C:\\Users\\dell\\anaconda3\\Lib\\__pycache__\\reprlib.cpython-38.pyc', reloading
[2022-08-16 19:19:22,954] werkzeug - INFO -  * Detected change in 'C:\\Users\\dell\\anaconda3\\Lib\\__pycache__\\functools.cpython-38.pyc', reloading
[2022-08-16 19:19:22,973] werkzeug - INFO -  * Detected change in 'C:\\Users\\dell\\anaconda3\\Lib\\site-packages\\conda\\__pycache__\\__init__.cpython-38.pyc', reloading
[2022-08-16 19:19:22,974] werkzeug - INFO -  * Detected change in 'C:\\Users\\dell\\anaconda3\\Lib\\__pycache__\\__future__.cpython-38.pyc', reloading
[2022-08-16 19:19:22,974] werkzeug - INFO -  * Detected change in 'C:\\Users\\dell\\anaconda3\\Lib\\json\\__pycache__\\__init__.cpython-38.pyc', reloading
[2022-08-16 19:19:22,976] werkzeug - INFO -  * Detected change in 'C:\\Users\\dell\\anaconda3\\Lib\\json\\__pycache__\\decoder.cpython-38.pyc', reloading
[2022-08-16 19:19:22,977] werkzeug - INFO -  * Detected change in 'C:\\Users\\dell\\anaconda3\\Lib\\__pycache__\\re.cpython-38.pyc', reloading
[2022-08-16 19:19:22,977] werkzeug - INFO -  * Detected change in 'C:\\Users\\dell\\anaconda3\\Lib\\__pycache__\\enum.cpython-38.pyc', reloading
[2022-08-16 19:19:22,979] werkzeug - INFO -  * Detected change in 'C:\\Users\\dell\\anaconda3\\Lib\\__pycache__\\sre_compile.cpython-38.pyc', reloading
[2022-08-16 19:19:22,980] werkzeug - INFO -  * Detected change in 'C:\\Users\\dell\\anaconda3\\Lib\\__pycache__\\sre_parse.cpython-38.pyc', reloading
[2022-08-16 19:19:22,982] werkzeug - INFO -  * Detected change in 'C:\\Users\\dell\\anaconda3\\Lib\\__pycache__\\sre_constants.cpython-38.pyc', reloading
[2022-08-16 19:19:22,983] werkzeug - INFO -  * Detected change in 'C:\\Users\\dell\\anaconda3\\Lib\\__pycache__\\copyreg.cpython-38.pyc', reloading
[2022-08-16 19:19:22,984] werkzeug - INFO -  * Detected change in 'C:\\Users\\dell\\anaconda3\\Lib\\json\\__pycache__\\scanner.cpython-38.pyc', reloading
[2022-08-16 19:19:22,986] werkzeug - INFO -  * Detected change in 'C:\\Users\\dell\\anaconda3\\Lib\\json\\__pycache__\\encoder.cpython-38.pyc', reloading
[2022-08-16 19:19:22,988] werkzeug - INFO -  * Detected change in 'C:\\Users\\dell\\anaconda3\\Lib\\site-packages\\conda\\common\\__pycache__\\__init__.cpython-38.pyc', reloading
[2022-08-16 19:19:22,990] werkzeug - INFO -  * Detected change in 'C:\\Users\\dell\\anaconda3\\Lib\\site-packages\\conda\\common\\__pycache__\\compat.cpython-38.pyc', reloading
[2022-08-16 19:19:22,991] werkzeug - INFO -  * Detected change in 'C:\\Users\\dell\\anaconda3\\Lib\\__pycache__\\tempfile.cpython-38.pyc', reloading
[2022-08-16 19:19:22,992] werkzeug - INFO -  * Detected change in 'C:\\Users\\dell\\anaconda3\\Lib\\__pycache__\\shutil.cpython-38.pyc', reloading
[2022-08-16 19:19:22,995] werkzeug - INFO -  * Detected change in 'C:\\Users\\dell\\anaconda3\\Lib\\__pycache__\\fnmatch.cpython-38.pyc', reloading
[2022-08-16 19:19:22,996] werkzeug - INFO -  * Detected change in 'C:\\Users\\dell\\anaconda3\\Lib\\__pycache__\\posixpath.cpython-38.pyc', reloading
[2022-08-16 19:19:22,997] werkzeug - INFO -  * Detected change in 'C:\\Users\\dell\\anaconda3\\Lib\\__pycache__\\bz2.cpython-38.pyc', reloading
[2022-08-16 19:19:22,998] werkzeug - INFO -  * Detected change in 'C:\\Users\\dell\\anaconda3\\Lib\\__pycache__\\_compression.cpython-38.pyc', reloading
[2022-08-16 19:19:22,999] werkzeug - INFO -  * Detected change in 'C:\\Users\\dell\\anaconda3\\Lib\\__pycache__\\threading.cpython-38.pyc', reloading
[2022-08-16 19:19:23,000] werkzeug - INFO -  * Detected change in 'C:\\Users\\dell\\anaconda3\\Lib\\__pycache__\\_weakrefset.cpython-38.pyc', reloading
[2022-08-16 19:19:23,005] werkzeug - INFO -  * Detected change in 'C:\\Users\\dell\\anaconda3\\Lib\\__pycache__\\lzma.cpython-38.pyc', reloading
[2022-08-16 19:19:23,008] werkzeug - INFO -  * Detected change in 'C:\\Users\\dell\\anaconda3\\Lib\\__pycache__\\random.cpython-38.pyc', reloading
[2022-08-16 19:19:23,009] werkzeug - INFO -  * Detected change in 'C:\\Users\\dell\\anaconda3\\Lib\\__pycache__\\bisect.cpython-38.pyc', reloading
[2022-08-16 19:19:23,010] werkzeug - INFO -  * Detected change in 'C:\\Users\\dell\\anaconda3\\Lib\\__pycache__\\weakref.cpython-38.pyc', reloading
[2022-08-16 19:19:23,011] werkzeug - INFO -  * Detected change in 'C:\\Users\\dell\\anaconda3\\Lib\\collections\\__pycache__\\abc.cpython-38.pyc', reloading
[2022-08-16 19:19:23,012] werkzeug - INFO -  * Detected change in 'C:\\Users\\dell\\anaconda3\\Lib\\site-packages\\conda\\cli\\__pycache__\\__init__.cpython-38.pyc', reloading
[2022-08-16 19:19:23,013] werkzeug - INFO -  * Detected change in 'C:\\Users\\dell\\anaconda3\\Lib\\site-packages\\conda\\cli\\__pycache__\\main.cpython-38.pyc', reloading
[2022-08-16 19:19:23,013] werkzeug - INFO -  * Detected change in 'C:\\Users\\dell\\anaconda3\\Lib\\site-packages\\conda\\__pycache__\\exceptions.cpython-38.pyc', reloading
[2022-08-16 19:19:23,014] werkzeug - INFO -  * Detected change in 'C:\\Users\\dell\\anaconda3\\Lib\\__pycache__\\datetime.cpython-38.pyc', reloading
[2022-08-16 19:19:23,016] werkzeug - INFO -  * Detected change in 'C:\\Users\\dell\\anaconda3\\Lib\\logging\\__pycache__\\__init__.cpython-38.pyc', reloading
