[2022-08-16 19:59:20,485] werkzeug - WARNING -  * Debugger is active!
[2022-08-16 19:59:20,485] werkzeug - INFO -  * Debugger PIN: 330-354-700
[2022-08-16 19:59:20,527] werkzeug - INFO -  * Running on http://127.0.0.1:5000/ (Press CTRL+C to quit)
[2022-08-16 20:20:47,056] werkzeug - INFO -  * Detected change in 'C:\\Users\\dell\\anaconda3\\Scripts\\conda-script.py', reloading
[2022-08-16 20:20:47,092] werkzeug - INFO -  * Detected change in 'C:\\Users\\dell\\anaconda3\\Lib\\encodings\\__pycache__\\__init__.cpython-38.pyc', reloading
[2022-08-16 20:20:47,093] werkzeug - INFO -  * Detected change in 'C:\\Users\\dell\\anaconda3\\Lib\\__pycache__\\codecs.cpython-38.pyc', reloading
[2022-08-16 20:20:47,094] werkzeug - INFO -  * Detected change in 'C:\\Users\\dell\\anaconda3\\Lib\\encodings\\__pycache__\\aliases.cpython-38.pyc', reloading
[2022-08-16 20:20:47,096] werkzeug - INFO -  * Detected change in 'C:\\Users\\dell\\anaconda3\\Lib\\encodings\\__pycache__\\utf_8.cpython-38.pyc', reloading
[2022-08-16 20:20:47,097] werkzeug - INFO -  * Detected change in 'C:\\Users\\dell\\anaconda3\\Lib\\encodings\\__pycache__\\cp1252.cpython-38.pyc', reloading
[2022-08-16 20:20:47,098] werkzeug - INFO -  * Detected change in 'C:\\Users\\dell\\anaconda3\\Lib\\encodings\\__pycache__\\latin_1.cpython-38.pyc', reloading
[2022-08-16 20:20:47,099] werkzeug - INFO -  * Detected change in 'C:\\Users\\dell\\anaconda3\\Lib\\__pycache__\\io.cpython-38.pyc', reloading
[2022-08-16 20:20:47,100] werkzeug - INFO -  * Detected change in 'C:\\Users\\dell\\anaconda3\\Lib\\__pycache__\\abc.cpython-38.pyc', reloading
[2022-08-16 20:20:47,101] werkzeug - INFO -  * Detected change in 'C:\\Users\\dell\\anaconda3\\Lib\\__pycache__\\site.cpython-38.pyc', reloading
[2022-08-16 20:20:47,102] werkzeug - INFO -  * Detected change in 'C:\\Users\\dell\\anaconda3\\Lib\\__pycache__\\os.cpython-38.pyc', reloading
[2022-08-16 20:20:47,103] werkzeug - INFO -  * Detected change in 'C:\\Users\\dell\\anaconda3\\Lib\\__pycache__\\stat.cpython-38.pyc', reloading
[2022-08-16 20:20:47,103] werkzeug - INFO -  * Detected change in 'C:\\Users\\dell\\anaconda3\\Lib\\__pycache__\\_collections_abc.cpython-38.pyc', reloading
[2022-08-16 20:20:47,106] werkzeug - INFO -  * Detected change in 'C:\\Users\\dell\\anaconda3\\Lib\\__pycache__\\ntpath.cpython-38.pyc', reloading
[2022-08-16 20:20:47,108] werkzeug - INFO -  * Detected change in 'C:\\Users\\dell\\anaconda3\\Lib\\__pycache__\\genericpath.cpython-38.pyc', reloading
[2022-08-16 20:20:47,109] werkzeug - INFO -  * Detected change in 'C:\\Users\\dell\\anaconda3\\Lib\\__pycache__\\_sitebuiltins.cpython-38.pyc', reloading
[2022-08-16 20:20:47,113] werkzeug - INFO -  * Detected change in 'C:\\Users\\dell\\anaconda3\\Lib\\__pycache__\\_bootlocale.cpython-38.pyc', reloading
[2022-08-16 20:20:47,116] werkzeug - INFO -  * Detected change in 'C:\\Users\\dell\\anaconda3\\Lib\\__pycache__\\types.cpython-38.pyc', reloading
[2022-08-16 20:20:47,117] werkzeug - INFO -  * Detected change in 'C:\\Users\\dell\\anaconda3\\Lib\\importlib\\__pycache__\\__init__.cpython-38.pyc', reloading
[2022-08-16 20:20:47,118] werkzeug - INFO -  * Detected change in 'C:\\Users\\dell\\anaconda3\\Lib\\__pycache__\\warnings.cpython-38.pyc', reloading
[2022-08-16 20:20:47,119] werkzeug - INFO -  * Detected change in 'C:\\Users\\dell\\anaconda3\\Lib\\importlib\\__pycache__\\util.cpython-38.pyc', reloading
[2022-08-16 20:20:47,120] werkzeug - INFO -  * Detected change in 'C:\\Users\\dell\\anaconda3\\Lib\\importlib\\__pycache__\\abc.cpython-38.pyc', reloading
[2022-08-16 20:20:47,121] werkzeug - INFO -  * Detected change in 'C:\\Users\\dell\\anaconda3\\Lib\\importlib\\__pycache__\\machinery.cpython-38.pyc', reloading
[2022-08-16 20:20:47,123] werkzeug - INFO -  * Detected change in 'C:\\Users\\dell\\anaconda3\\Lib\\__pycache__\\contextlib.cpython-38.pyc', reloading
[2022-08-16 20:20:47,124] werkzeug - INFO -  * Detected change in 'C:\\Users\\dell\\anaconda3\\Lib\\collections\\__pycache__\\__init__.cpython-38.pyc', reloading
[2022-08-16 20:20:47,125] werkzeug - INFO -  * Detected change in 'C:\\Users\\dell\\anaconda3\\Lib\\__pycache__\\operator.cpython-38.pyc', reloading
[2022-08-16 20:20:47,127] werkzeug - INFO -  * Detected change in 'C:\\Users\\dell\\anaconda3\\Lib\\__pycache__\\keyword.cpython-38.pyc', reloading
[2022-08-16 20:20:47,128] werkzeug - INFO -  * Detected change in 'C:\\Users\\dell\\anaconda3\\Lib\\__pycache__\\heapq.cpython-38.pyc', reloading
[2022-08-16 20:20:47,129] werkzeug - INFO -  * Detected change in 'C:\\Users\\dell\\anaconda3\\Lib\\__pycache__\\reprlib.cpython-38.pyc', reloading
[2022-08-16 20:20:47,131] werkzeug - INFO -  * Detected change in 'C:\\Users\\dell\\anaconda3\\Lib\\__pycache__\\functools.cpython-38.pyc', reloading
[2022-08-16 20:20:47,154] werkzeug - INFO -  * Detected change in 'C:\\Users\\dell\\anaconda3\\Lib\\site-packages\\conda\\__pycache__\\__init__.cpython-38.pyc', reloading
[2022-08-16 20:20:47,154] werkzeug - INFO -  * Detected change in 'C:\\Users\\dell\\anaconda3\\Lib\\__pycache__\\__future__.cpython-38.pyc', reloading
[2022-08-16 20:20:47,155] werkzeug - INFO -  * Detected change in 'C:\\Users\\dell\\anaconda3\\Lib\\json\\__pycache__\\__init__.cpython-38.pyc', reloading
[2022-08-16 20:20:47,156] werkzeug - INFO -  * Detected change in 'C:\\Users\\dell\\anaconda3\\Lib\\json\\__pycache__\\decoder.cpython-38.pyc', reloading
[2022-08-16 20:20:47,157] werkzeug - INFO -  * Detected change in 'C:\\Users\\dell\\anaconda3\\Lib\\__pycache__\\re.cpython-38.pyc', reloading
[2022-08-16 20:20:47,158] werkzeug - INFO -  * Detected change in 'C:\\Users\\dell\\anaconda3\\Lib\\__pycache__\\enum.cpython-38.pyc', reloading
[2022-08-16 20:20:47,160] werkzeug - INFO -  * Detected change in 'C:\\Users\\dell\\anaconda3\\Lib\\__pycache__\\sre_compile.cpython-38.pyc', reloading
[2022-08-16 20:20:47,161] werkzeug - INFO -  * Detected change in 'C:\\Users\\dell\\anaconda3\\Lib\\__pycache__\\sre_parse.cpython-38.pyc', reloading
[2022-08-16 20:20:47,162] werkzeug - INFO -  * Detected change in 'C:\\Users\\dell\\anaconda3\\Lib\\__pycache__\\sre_constants.cpython-38.pyc', reloading
[2022-08-16 20:20:47,164] werkzeug - INFO -  * Detected change in 'C:\\Users\\dell\\anaconda3\\Lib\\__pycache__\\copyreg.cpython-38.pyc', reloading
[2022-08-16 20:20:47,164] werkzeug - INFO -  * Detected change in 'C:\\Users\\dell\\anaconda3\\Lib\\json\\__pycache__\\scanner.cpython-38.pyc', reloading
[2022-08-16 20:20:47,166] werkzeug - INFO -  * Detected change in 'C:\\Users\\dell\\anaconda3\\Lib\\json\\__pycache__\\encoder.cpython-38.pyc', reloading
[2022-08-16 20:20:47,168] werkzeug - INFO -  * Detected change in 'C:\\Users\\dell\\anaconda3\\Lib\\site-packages\\conda\\common\\__pycache__\\__init__.cpython-38.pyc', reloading
[2022-08-16 20:20:47,168] werkzeug - INFO -  * Detected change in 'C:\\Users\\dell\\anaconda3\\Lib\\site-packages\\conda\\common\\__pycache__\\compat.cpython-38.pyc', reloading
[2022-08-16 20:20:47,170] werkzeug - INFO -  * Detected change in 'C:\\Users\\dell\\anaconda3\\Lib\\__pycache__\\tempfile.cpython-38.pyc', reloading
[2022-08-16 20:20:47,172] werkzeug - INFO -  * Detected change in 'C:\\Users\\dell\\anaconda3\\Lib\\__pycache__\\shutil.cpython-38.pyc', reloading
[2022-08-16 20:20:47,173] werkzeug - INFO -  * Detected change in 'C:\\Users\\dell\\anaconda3\\Lib\\__pycache__\\fnmatch.cpython-38.pyc', reloading
[2022-08-16 20:20:47,174] werkzeug - INFO -  * Detected change in 'C:\\Users\\dell\\anaconda3\\Lib\\__pycache__\\posixpath.cpython-38.pyc', reloading
[2022-08-16 20:20:47,175] werkzeug - INFO -  * Detected change in 'C:\\Users\\dell\\anaconda3\\Lib\\__pycache__\\bz2.cpython-38.pyc', reloading
[2022-08-16 20:20:47,176] werkzeug - INFO -  * Detected change in 'C:\\Users\\dell\\anaconda3\\Lib\\__pycache__\\_compression.cpython-38.pyc', reloading
[2022-08-16 20:20:47,177] werkzeug - INFO -  * Detected change in 'C:\\Users\\dell\\anaconda3\\Lib\\__pycache__\\threading.cpython-38.pyc', reloading
[2022-08-16 20:20:47,178] werkzeug - INFO -  * Detected change in 'C:\\Users\\dell\\anaconda3\\Lib\\__pycache__\\_weakrefset.cpython-38.pyc', reloading
[2022-08-16 20:20:47,182] werkzeug - INFO -  * Detected change in 'C:\\Users\\dell\\anaconda3\\Lib\\__pycache__\\lzma.cpython-38.pyc', reloading
[2022-08-16 20:20:47,186] werkzeug - INFO -  * Detected change in 'C:\\Users\\dell\\anaconda3\\Lib\\__pycache__\\random.cpython-38.pyc', reloading
[2022-08-16 20:20:47,188] werkzeug - INFO -  * Detected change in 'C:\\Users\\dell\\anaconda3\\Lib\\__pycache__\\bisect.cpython-38.pyc', reloading
[2022-08-16 20:20:47,189] werkzeug - INFO -  * Detected change in 'C:\\Users\\dell\\anaconda3\\Lib\\__pycache__\\weakref.cpython-38.pyc', reloading
[2022-08-16 20:20:47,190] werkzeug - INFO -  * Detected change in 'C:\\Users\\dell\\anaconda3\\Lib\\collections\\__pycache__\\abc.cpython-38.pyc', reloading
[2022-08-16 20:20:47,192] werkzeug - INFO -  * Detected change in 'C:\\Users\\dell\\anaconda3\\Lib\\site-packages\\conda\\cli\\__pycache__\\__init__.cpython-38.pyc', reloading
[2022-08-16 20:20:47,193] werkzeug - INFO -  * Detected change in 'C:\\Users\\dell\\anaconda3\\Lib\\site-packages\\conda\\cli\\__pycache__\\main.cpython-38.pyc', reloading
[2022-08-16 20:20:47,194] werkzeug - INFO -  * Detected change in 'C:\\Users\\dell\\anaconda3\\Lib\\site-packages\\conda\\__pycache__\\exceptions.cpython-38.pyc', reloading
[2022-08-16 20:20:47,195] werkzeug - INFO -  * Detected change in 'C:\\Users\\dell\\anaconda3\\Lib\\__pycache__\\datetime.cpython-38.pyc', reloading
[2022-08-16 20:20:47,197] werkzeug - INFO -  * Detected change in 'C:\\Users\\dell\\anaconda3\\Lib\\logging\\__pycache__\\__init__.cpython-38.pyc', reloading
[2022-08-16 20:20:47,199] werkzeug - INFO -  * Detected change in 'C:\\Users\\dell\\anaconda3\\Lib\\__pycache__\\traceback.cpython-38.pyc', reloading
[2022-08-16 20:20:47,200] werkzeug - INFO -  * Detected change in 'C:\\Users\\dell\\anaconda3\\Lib\\__pycache__\\linecache.cpython-38.pyc', reloading
[2022-08-16 20:20:47,201] werkzeug - INFO -  * Detected change in 'C:\\Users\\dell\\anaconda3\\Lib\\__pycache__\\tokenize.cpython-38.pyc', reloading
[2022-08-16 20:20:47,203] werkzeug - INFO -  * Detected change in 'C:\\Users\\dell\\anaconda3\\Lib\\__pycache__\\token.cpython-38.pyc', reloading
[2022-08-16 20:20:47,206] werkzeug - INFO -  * Detected change in 'C:\\Users\\dell\\anaconda3\\Lib\\__pycache__\\string.cpython-38.pyc', reloading
[2022-08-16 20:20:47,210] werkzeug - INFO -  * Detected change in 'C:\\Users\\dell\\anaconda3\\Lib\\__pycache__\\textwrap.cpython-38.pyc', reloading
[2022-08-16 20:20:47,212] werkzeug - INFO -  * Detected change in 'C:\\Users\\dell\\anaconda3\\Lib\\__pycache__\\getpass.cpython-38.pyc', reloading
[2022-08-16 20:20:47,214] werkzeug - INFO -  * Detected change in 'C:\\Users\\dell\\anaconda3\\Lib\\site-packages\\conda\\auxlib\\__pycache__\\__init__.cpython-38.pyc', reloading
[2022-08-16 20:20:47,215] werkzeug - INFO -  * Detected change in 'C:\\Users\\dell\\anaconda3\\Lib\\site-packages\\conda\\auxlib\\__pycache__\\entity.cpython-38.pyc', reloading
[2022-08-16 20:20:47,216] werkzeug - INFO -  * Detected change in 'C:\\Users\\dell\\anaconda3\\Lib\\site-packages\\conda\\auxlib\\_vendor\\__pycache__\\__init__.cpython-38.pyc', reloading
[2022-08-16 20:20:47,218] werkzeug - INFO -  * Detected change in 'C:\\Users\\dell\\anaconda3\\Lib\\site-packages\\conda\\auxlib\\_vendor\\boltons\\__pycache__\\__init__.cpython-38.pyc', reloading
[2022-08-16 20:20:47,219] werkzeug - INFO -  * Detected change in 'C:\\Users\\dell\\anaconda3\\Lib\\site-packages\\conda\\auxlib\\_vendor\\boltons\\__pycache__\\timeutils.cpython-38.pyc', reloading
[2022-08-16 20:20:47,222] werkzeug - INFO -  * Detected change in 'C:\\Users\\dell\\anaconda3\\Lib\\site-packages\\conda\\auxlib\\__pycache__\\collection.cpython-38.pyc', reloading
[2022-08-16 20:20:47,223] werkzeug - INFO -  * Detected change in 'C:\\Users\\dell\\anaconda3\\Lib\\site-packages\\conda\\auxlib\\__pycache__\\compat.cpython-38.pyc', reloading
[2022-08-16 20:20:47,223] werkzeug - INFO -  * Detected change in 'C:\\Users\\dell\\anaconda3\\Lib\\site-packages\\conda\\auxlib\\_vendor\\__pycache__\\six.cpython-38.pyc', reloading
[2022-08-16 20:20:47,225] werkzeug - INFO -  * Detected change in 'C:\\Users\\dell\\anaconda3\\Lib\\__pycache__\\struct.cpython-38.pyc', reloading
[2022-08-16 20:20:47,227] werkzeug - INFO -  * Detected change in 'C:\\Users\\dell\\anaconda3\\Lib\\__pycache__\\shlex.cpython-38.pyc', reloading
[2022-08-16 20:20:47,229] werkzeug - INFO -  * Detected change in 'C:\\Users\\dell\\anaconda3\\Lib\\site-packages\\conda\\auxlib\\__pycache__\\exceptions.cpython-38.pyc', reloading
[2022-08-16 20:20:47,229] werkzeug - INFO -  * Detected change in 'C:\\Users\\dell\\anaconda3\\Lib\\site-packages\\conda\\auxlib\\__pycache__\\ish.cpython-38.pyc', reloading
[2022-08-16 20:20:47,230] werkzeug - INFO -  * Detected change in 'C:\\Users\\dell\\anaconda3\\Lib\\site-packages\\conda\\auxlib\\__pycache__\\logz.cpython-38.pyc', reloading
[2022-08-16 20:20:47,232] werkzeug - INFO -  * Detected change in 'C:\\Users\\dell\\anaconda3\\Lib\\site-packages\\conda\\auxlib\\__pycache__\\type_coercion.cpython-38.pyc', reloading
[2022-08-16 20:20:47,232] werkzeug - INFO -  * Detected change in 'C:\\Users\\dell\\anaconda3\\Lib\\site-packages\\conda\\auxlib\\__pycache__\\decorators.cpython-38.pyc', reloading
[2022-08-16 20:20:47,235] werkzeug - INFO -  * Detected change in 'C:\\Users\\dell\\anaconda3\\Lib\\site-packages\\conda\\_vendor\\__pycache__\\__init__.cpython-38.pyc', reloading
[2022-08-16 20:20:47,236] werkzeug - INFO -  * Detected change in 'C:\\Users\\dell\\anaconda3\\Lib\\site-packages\\conda\\_vendor\\toolz\\__pycache__\\__init__.cpython-38.pyc', reloading
[2022-08-16 20:20:47,237] werkzeug - INFO -  * Detected change in 'C:\\Users\\dell\\anaconda3\\Lib\\site-packages\\cytoolz\\__pycache__\\__init__.cpython-38.pyc', reloading
[2022-08-16 20:20:47,244] werkzeug - INFO -  * Detected change in 'C:\\Users\\dell\\anaconda3\\Lib\\site-packages\\toolz\\__pycache__\\__init__.cpython-38.pyc', reloading
[2022-08-16 20:20:47,245] werkzeug - INFO -  * Detected change in 'C:\\Users\\dell\\anaconda3\\Lib\\site-packages\\toolz\\__pycache__\\itertoolz.cpython-38.pyc', reloading
[2022-08-16 20:20:47,246] werkzeug - INFO -  * Detected change in 'C:\\Users\\dell\\anaconda3\\Lib\\site-packages\\toolz\\__pycache__\\utils.cpython-38.pyc', reloading
[2022-08-16 20:20:47,246] werkzeug - INFO -  * Detected change in 'C:\\Users\\dell\\anaconda3\\Lib\\site-packages\\toolz\\__pycache__\\functoolz.cpython-38.pyc', reloading
[2022-08-16 20:20:47,248] werkzeug - INFO -  * Detected change in 'C:\\Users\\dell\\anaconda3\\Lib\\__pycache__\\inspect.cpython-38.pyc', reloading
[2022-08-16 20:20:47,250] werkzeug - INFO -  * Detected change in 'C:\\Users\\dell\\anaconda3\\Lib\\__pycache__\\dis.cpython-38.pyc', reloading
[2022-08-16 20:20:47,251] werkzeug - INFO -  * Detected change in 'C:\\Users\\dell\\anaconda3\\Lib\\__pycache__\\opcode.cpython-38.pyc', reloading
[2022-08-16 20:20:47,254] werkzeug - INFO -  * Detected change in 'C:\\Users\\dell\\anaconda3\\Lib\\site-packages\\toolz\\__pycache__\\_signatures.cpython-38.pyc', reloading
[2022-08-16 20:20:47,255] werkzeug - INFO -  * Detected change in 'C:\\Users\\dell\\anaconda3\\Lib\\site-packages\\toolz\\__pycache__\\dicttoolz.cpython-38.pyc', reloading
[2022-08-16 20:20:47,256] werkzeug - INFO -  * Detected change in 'C:\\Users\\dell\\anaconda3\\Lib\\site-packages\\toolz\\__pycache__\\recipes.cpython-38.pyc', reloading
[2022-08-16 20:20:47,257] werkzeug - INFO -  * Detected change in 'C:\\Users\\dell\\anaconda3\\Lib\\site-packages\\toolz\\curried\\__pycache__\\__init__.cpython-38.pyc', reloading
[2022-08-16 20:20:47,258] werkzeug - INFO -  * Detected change in 'C:\\Users\\dell\\anaconda3\\Lib\\site-packages\\toolz\\curried\\__pycache__\\operator.cpython-38.pyc', reloading
[2022-08-16 20:20:47,259] werkzeug - INFO -  * Detected change in 'C:\\Users\\dell\\anaconda3\\Lib\\__pycache__\\ast.cpython-38.pyc', reloading
[2022-08-16 20:20:47,284] werkzeug - INFO -  * Detected change in 'C:\\Users\\dell\\anaconda3\\Lib\\site-packages\\toolz\\curried\\__pycache__\\exceptions.cpython-38.pyc', reloading
[2022-08-16 20:20:47,285] werkzeug - INFO -  * Detected change in 'C:\\Users\\dell\\anaconda3\\Lib\\site-packages\\toolz\\sandbox\\__pycache__\\__init__.cpython-38.pyc', reloading
[2022-08-16 20:20:47,286] werkzeug - INFO -  * Detected change in 'C:\\Users\\dell\\anaconda3\\Lib\\site-packages\\toolz\\sandbox\\__pycache__\\core.cpython-38.pyc', reloading
[2022-08-16 20:20:47,287] werkzeug - INFO -  * Detected change in 'C:\\Users\\dell\\anaconda3\\Lib\\site-packages\\toolz\\sandbox\\__pycache__\\parallel.cpython-38.pyc', reloading
[2022-08-16 20:20:47,293] werkzeug - INFO -  * Detected change in 'C:\\Users\\dell\\anaconda3\\Lib\\site-packages\\toolz\\__pycache__\\_version.cpython-38.pyc', reloading
[2022-08-16 20:20:47,298] werkzeug - INFO -  * Detected change in 'C:\\Users\\dell\\anaconda3\\Lib\\site-packages\\cytoolz\\__pycache__\\_signatures.cpython-38.pyc', reloading
[2022-08-16 20:20:47,301] werkzeug - INFO -  * Detected change in 'C:\\Users\\dell\\anaconda3\\Lib\\__pycache__\\copy.cpython-38.pyc', reloading
[2022-08-16 20:20:47,305] werkzeug - INFO -  * Detected change in 'C:\\Users\\dell\\anaconda3\\Lib\\site-packages\\cytoolz\\curried\\__pycache__\\__init__.cpython-38.pyc', reloading
[2022-08-16 20:20:47,306] werkzeug - INFO -  * Detected change in 'C:\\Users\\dell\\anaconda3\\Lib\\site-packages\\cytoolz\\curried\\__pycache__\\operator.cpython-38.pyc', reloading
[2022-08-16 20:20:47,323] werkzeug - INFO -  * Detected change in 'C:\\Users\\dell\\anaconda3\\Lib\\site-packages\\cytoolz\\curried\\__pycache__\\exceptions.cpython-38.pyc', reloading
[2022-08-16 20:20:47,328] werkzeug - INFO -  * Detected change in 'C:\\Users\\dell\\anaconda3\\Lib\\site-packages\\cytoolz\\__pycache__\\_version.cpython-38.pyc', reloading
[2022-08-16 20:20:47,330] werkzeug - INFO -  * Detected change in 'C:\\Users\\dell\\anaconda3\\Lib\\site-packages\\conda\\base\\__pycache__\\__init__.cpython-38.pyc', reloading
[2022-08-16 20:20:47,331] werkzeug - INFO -  * Detected change in 'C:\\Users\\dell\\anaconda3\\Lib\\site-packages\\conda\\base\\__pycache__\\constants.cpython-38.pyc', reloading
[2022-08-16 20:20:47,333] werkzeug - INFO -  * Detected change in 'C:\\Users\\dell\\anaconda3\\Lib\\site-packages\\conda\\common\\__pycache__\\io.cpython-38.pyc', reloading
[2022-08-16 20:20:47,334] werkzeug - INFO -  * Detected change in 'C:\\Users\\dell\\anaconda3\\Lib\\concurrent\\__pycache__\\__init__.cpython-38.pyc', reloading
[2022-08-16 20:20:47,335] werkzeug - INFO -  * Detected change in 'C:\\Users\\dell\\anaconda3\\Lib\\concurrent\\futures\\__pycache__\\__init__.cpython-38.pyc', reloading
[2022-08-16 20:20:47,337] werkzeug - INFO -  * Detected change in 'C:\\Users\\dell\\anaconda3\\Lib\\concurrent\\futures\\__pycache__\\_base.cpython-38.pyc', reloading
[2022-08-16 20:20:47,338] werkzeug - INFO -  * Detected change in 'C:\\Users\\dell\\anaconda3\\Lib\\concurrent\\futures\\__pycache__\\process.cpython-38.pyc', reloading
[2022-08-16 20:20:47,339] werkzeug - INFO -  * Detected change in 'C:\\Users\\dell\\anaconda3\\Lib\\__pycache__\\queue.cpython-38.pyc', reloading
[2022-08-16 20:20:47,343] werkzeug - INFO -  * Detected change in 'C:\\Users\\dell\\anaconda3\\Lib\\multiprocessing\\__pycache__\\__init__.cpython-38.pyc', reloading
[2022-08-16 20:20:47,343] werkzeug - INFO -  * Detected change in 'C:\\Users\\dell\\anaconda3\\Lib\\multiprocessing\\__pycache__\\context.cpython-38.pyc', reloading
[2022-08-16 20:20:47,344] werkzeug - INFO -  * Detected change in 'C:\\Users\\dell\\anaconda3\\Lib\\multiprocessing\\__pycache__\\process.cpython-38.pyc', reloading
[2022-08-16 20:20:47,345] werkzeug - INFO -  * Detected change in 'C:\\Users\\dell\\anaconda3\\Lib\\__pycache__\\signal.cpython-38.pyc', reloading
[2022-08-16 20:20:47,347] werkzeug - INFO -  * Detected change in 'C:\\Users\\dell\\anaconda3\\Lib\\multiprocessing\\__pycache__\\reduction.cpython-38.pyc', reloading
[2022-08-16 20:20:47,348] werkzeug - INFO -  * Detected change in 'C:\\Users\\dell\\anaconda3\\Lib\\__pycache__\\pickle.cpython-38.pyc', reloading
[2022-08-16 20:20:47,349] werkzeug - INFO -  * Detected change in 'C:\\Users\\dell\\anaconda3\\Lib\\__pycache__\\_compat_pickle.cpython-38.pyc', reloading
[2022-08-16 20:20:47,352] werkzeug - INFO -  * Detected change in 'C:\\Users\\dell\\anaconda3\\Lib\\__pycache__\\socket.cpython-38.pyc', reloading
