[2022-08-16 18:25:52,513] werkzeug - WARNING -  * Debugger is active!
[2022-08-16 18:25:52,523] werkzeug - INFO -  * Debugger PIN: 330-354-700
[2022-08-16 18:25:52,560] werkzeug - INFO -  * Running on http://127.0.0.1:5000/ (Press CTRL+C to quit)
[2022-08-16 18:25:52,784] werkzeug - INFO -  * Detected change in 'C:\\Users\\dell\\anaconda3\\pkgs\\python-3.8.8-hdbf39b2_5\\Lib\\importlib\\__pycache__\\metadata.cpython-38.pyc', reloading
[2022-08-16 18:25:52,784] werkzeug - INFO -  * Detected change in 'C:\\Users\\dell\\anaconda3\\pkgs\\python-3.8.8-hdbf39b2_5\\Lib\\importlib\\__pycache__\\metadata.cpython-38.pyc', reloading
[2022-08-16 18:25:52,785] werkzeug - INFO -  * Detected change in 'C:\\Users\\dell\\anaconda3\\pkgs\\python-3.8.8-hdbf39b2_5\\Lib\\importlib\\__pycache__\\resources.cpython-38.pyc', reloading
[2022-08-16 18:25:52,785] werkzeug - INFO -  * Detected change in 'C:\\Users\\dell\\anaconda3\\pkgs\\python-3.8.8-hdbf39b2_5\\Lib\\importlib\\__pycache__\\resources.cpython-38.pyc', reloading
[2022-08-16 18:25:52,826] werkzeug - INFO -  * Detected change in 'C:\\Users\\dell\\anaconda3\\pkgs\\python-3.8.8-hdbf39b2_5\\Lib\\logging\\__pycache__\\config.cpython-38.pyc', reloading
[2022-08-16 18:25:52,826] werkzeug - INFO -  * Detected change in 'C:\\Users\\dell\\anaconda3\\pkgs\\python-3.8.8-hdbf39b2_5\\Lib\\logging\\__pycache__\\config.cpython-38.pyc', reloading
[2022-08-16 18:25:52,826] werkzeug - INFO -  * Detected change in 'C:\\Users\\dell\\anaconda3\\pkgs\\python-3.8.8-hdbf39b2_5\\Lib\\logging\\__pycache__\\handlers.cpython-38.pyc', reloading
[2022-08-16 18:25:52,827] werkzeug - INFO -  * Detected change in 'C:\\Users\\dell\\anaconda3\\pkgs\\python-3.8.8-hdbf39b2_5\\Lib\\logging\\__pycache__\\handlers.cpython-38.pyc', reloading
[2022-08-16 18:25:52,837] werkzeug - INFO -  * Detected change in 'C:\\Users\\dell\\anaconda3\\pkgs\\python-3.8.8-hdbf39b2_5\\Lib\\multiprocessing\\dummy\\__pycache__\\connection.cpython-38.pyc', reloading
[2022-08-16 18:25:52,837] werkzeug - INFO -  * Detected change in 'C:\\Users\\dell\\anaconda3\\pkgs\\python-3.8.8-hdbf39b2_5\\Lib\\multiprocessing\\dummy\\__pycache__\\connection.cpython-38.pyc', reloading
[2022-08-16 18:25:52,837] werkzeug - INFO -  * Detected change in 'C:\\Users\\dell\\anaconda3\\pkgs\\python-3.8.8-hdbf39b2_5\\Lib\\multiprocessing\\dummy\\__pycache__\\__init__.cpython-38.pyc', reloading
[2022-08-16 18:25:52,838] werkzeug - INFO -  * Detected change in 'C:\\Users\\dell\\anaconda3\\pkgs\\python-3.8.8-hdbf39b2_5\\Lib\\multiprocessing\\dummy\\__pycache__\\__init__.cpython-38.pyc', reloading
[2022-08-16 18:25:52,843] werkzeug - INFO -  * Detected change in 'C:\\Users\\dell\\anaconda3\\pkgs\\python-3.8.8-hdbf39b2_5\\Lib\\multiprocessing\\__pycache__\\connection.cpython-38.pyc', reloading
[2022-08-16 18:25:52,844] werkzeug - INFO -  * Detected change in 'C:\\Users\\dell\\anaconda3\\pkgs\\python-3.8.8-hdbf39b2_5\\Lib\\multiprocessing\\__pycache__\\connection.cpython-38.pyc', reloading
[2022-08-16 18:25:52,844] werkzeug - INFO -  * Detected change in 'C:\\Users\\dell\\anaconda3\\pkgs\\python-3.8.8-hdbf39b2_5\\Lib\\multiprocessing\\__pycache__\\context.cpython-38.pyc', reloading
[2022-08-16 18:25:52,845] werkzeug - INFO -  * Detected change in 'C:\\Users\\dell\\anaconda3\\pkgs\\python-3.8.8-hdbf39b2_5\\Lib\\multiprocessing\\__pycache__\\context.cpython-38.pyc', reloading
[2022-08-16 18:25:52,846] werkzeug - INFO -  * Detected change in 'C:\\Users\\dell\\anaconda3\\pkgs\\python-3.8.8-hdbf39b2_5\\Lib\\multiprocessing\\__pycache__\\process.cpython-38.pyc', reloading
[2022-08-16 18:25:52,846] werkzeug - INFO -  * Detected change in 'C:\\Users\\dell\\anaconda3\\pkgs\\python-3.8.8-hdbf39b2_5\\Lib\\multiprocessing\\__pycache__\\process.cpython-38.pyc', reloading
[2022-08-16 18:25:52,847] werkzeug - INFO -  * Detected change in 'C:\\Users\\dell\\anaconda3\\pkgs\\python-3.8.8-hdbf39b2_5\\Lib\\multiprocessing\\__pycache__\\queues.cpython-38.pyc', reloading
[2022-08-16 18:25:52,847] werkzeug - INFO -  * Detected change in 'C:\\Users\\dell\\anaconda3\\pkgs\\python-3.8.8-hdbf39b2_5\\Lib\\multiprocessing\\__pycache__\\queues.cpython-38.pyc', reloading
[2022-08-16 18:25:52,848] werkzeug - INFO -  * Detected change in 'C:\\Users\\dell\\anaconda3\\pkgs\\python-3.8.8-hdbf39b2_5\\Lib\\multiprocessing\\__pycache__\\reduction.cpython-38.pyc', reloading
[2022-08-16 18:25:52,848] werkzeug - INFO -  * Detected change in 'C:\\Users\\dell\\anaconda3\\pkgs\\python-3.8.8-hdbf39b2_5\\Lib\\multiprocessing\\__pycache__\\reduction.cpython-38.pyc', reloading
[2022-08-16 18:25:52,849] werkzeug - INFO -  * Detected change in 'C:\\Users\\dell\\anaconda3\\pkgs\\python-3.8.8-hdbf39b2_5\\Lib\\multiprocessing\\__pycache__\\synchronize.cpython-38.pyc', reloading
[2022-08-16 18:25:52,849] werkzeug - INFO -  * Detected change in 'C:\\Users\\dell\\anaconda3\\pkgs\\python-3.8.8-hdbf39b2_5\\Lib\\multiprocessing\\__pycache__\\synchronize.cpython-38.pyc', reloading
[2022-08-16 18:25:52,850] werkzeug - INFO -  * Detected change in 'C:\\Users\\dell\\anaconda3\\pkgs\\python-3.8.8-hdbf39b2_5\\Lib\\multiprocessing\\__pycache__\\util.cpython-38.pyc', reloading
[2022-08-16 18:25:52,850] werkzeug - INFO -  * Detected change in 'C:\\Users\\dell\\anaconda3\\pkgs\\python-3.8.8-hdbf39b2_5\\Lib\\multiprocessing\\__pycache__\\util.cpython-38.pyc', reloading
[2022-08-16 18:25:52,851] werkzeug - INFO -  * Detected change in 'C:\\Users\\dell\\anaconda3\\pkgs\\python-3.8.8-hdbf39b2_5\\Lib\\multiprocessing\\__pycache__\\__init__.cpython-38.pyc', reloading
[2022-08-16 18:25:52,851] werkzeug - INFO -  * Detected change in 'C:\\Users\\dell\\anaconda3\\pkgs\\python-3.8.8-hdbf39b2_5\\Lib\\multiprocessing\\__pycache__\\__init__.cpython-38.pyc', reloading
