[2022-08-16 22:09:26,274] werkzeug - WARNING -  * Debugger is active!
[2022-08-16 22:09:26,283] werkzeug - INFO -  * Debugger PIN: 330-354-700
[2022-08-16 22:09:26,311] werkzeug - INFO -  * Running on http://127.0.0.1:5000/ (Press CTRL+C to quit)
[2022-08-16 23:19:17,534] werkzeug - INFO -  * Detected change in 'C:\\Users\\dell\\anaconda3\\Scripts\\conda-script.py', reloading
[2022-08-16 23:19:17,587] werkzeug - INFO -  * Detected change in 'C:\\Users\\dell\\anaconda3\\Lib\\encodings\\__pycache__\\__init__.cpython-38.pyc', reloading
[2022-08-16 23:19:17,589] werkzeug - INFO -  * Detected change in 'C:\\Users\\dell\\anaconda3\\Lib\\__pycache__\\codecs.cpython-38.pyc', reloading
[2022-08-16 23:19:17,590] werkzeug - INFO -  * Detected change in 'C:\\Users\\dell\\anaconda3\\Lib\\encodings\\__pycache__\\aliases.cpython-38.pyc', reloading
[2022-08-16 23:19:17,592] werkzeug - INFO -  * Detected change in 'C:\\Users\\dell\\anaconda3\\Lib\\encodings\\__pycache__\\utf_8.cpython-38.pyc', reloading
[2022-08-16 23:19:17,593] werkzeug - INFO -  * Detected change in 'C:\\Users\\dell\\anaconda3\\Lib\\encodings\\__pycache__\\cp1252.cpython-38.pyc', reloading
[2022-08-16 23:19:17,595] werkzeug - INFO -  * Detected change in 'C:\\Users\\dell\\anaconda3\\Lib\\encodings\\__pycache__\\latin_1.cpython-38.pyc', reloading
[2022-08-16 23:19:17,596] werkzeug - INFO -  * Detected change in 'C:\\Users\\dell\\anaconda3\\Lib\\__pycache__\\io.cpython-38.pyc', reloading
[2022-08-16 23:19:17,597] werkzeug - INFO -  * Detected change in 'C:\\Users\\dell\\anaconda3\\Lib\\__pycache__\\abc.cpython-38.pyc', reloading
[2022-08-16 23:19:17,598] werkzeug - INFO -  * Detected change in 'C:\\Users\\dell\\anaconda3\\Lib\\__pycache__\\site.cpython-38.pyc', reloading
[2022-08-16 23:19:17,599] werkzeug - INFO -  * Detected change in 'C:\\Users\\dell\\anaconda3\\Lib\\__pycache__\\os.cpython-38.pyc', reloading
[2022-08-16 23:19:17,600] werkzeug - INFO -  * Detected change in 'C:\\Users\\dell\\anaconda3\\Lib\\__pycache__\\stat.cpython-38.pyc', reloading
[2022-08-16 23:19:17,600] werkzeug - INFO -  * Detected change in 'C:\\Users\\dell\\anaconda3\\Lib\\__pycache__\\_collections_abc.cpython-38.pyc', reloading
[2022-08-16 23:19:17,602] werkzeug - INFO -  * Detected change in 'C:\\Users\\dell\\anaconda3\\Lib\\__pycache__\\ntpath.cpython-38.pyc', reloading
[2022-08-16 23:19:17,603] werkzeug - INFO -  * Detected change in 'C:\\Users\\dell\\anaconda3\\Lib\\__pycache__\\genericpath.cpython-38.pyc', reloading
[2022-08-16 23:19:17,604] werkzeug - INFO -  * Detected change in 'C:\\Users\\dell\\anaconda3\\Lib\\__pycache__\\_sitebuiltins.cpython-38.pyc', reloading
[2022-08-16 23:19:17,609] werkzeug - INFO -  * Detected change in 'C:\\Users\\dell\\anaconda3\\Lib\\__pycache__\\_bootlocale.cpython-38.pyc', reloading
[2022-08-16 23:19:17,614] werkzeug - INFO -  * Detected change in 'C:\\Users\\dell\\anaconda3\\Lib\\__pycache__\\types.cpython-38.pyc', reloading
[2022-08-16 23:19:17,614] werkzeug - INFO -  * Detected change in 'C:\\Users\\dell\\anaconda3\\Lib\\importlib\\__pycache__\\__init__.cpython-38.pyc', reloading
[2022-08-16 23:19:17,615] werkzeug - INFO -  * Detected change in 'C:\\Users\\dell\\anaconda3\\Lib\\__pycache__\\warnings.cpython-38.pyc', reloading
[2022-08-16 23:19:17,616] werkzeug - INFO -  * Detected change in 'C:\\Users\\dell\\anaconda3\\Lib\\importlib\\__pycache__\\util.cpython-38.pyc', reloading
[2022-08-16 23:19:17,617] werkzeug - INFO -  * Detected change in 'C:\\Users\\dell\\anaconda3\\Lib\\importlib\\__pycache__\\abc.cpython-38.pyc', reloading
[2022-08-16 23:19:17,617] werkzeug - INFO -  * Detected change in 'C:\\Users\\dell\\anaconda3\\Lib\\importlib\\__pycache__\\machinery.cpython-38.pyc', reloading
[2022-08-16 23:19:17,618] werkzeug - INFO -  * Detected change in 'C:\\Users\\dell\\anaconda3\\Lib\\__pycache__\\contextlib.cpython-38.pyc', reloading
[2022-08-16 23:19:17,619] werkzeug - INFO -  * Detected change in 'C:\\Users\\dell\\anaconda3\\Lib\\collections\\__pycache__\\__init__.cpython-38.pyc', reloading
[2022-08-16 23:19:17,620] werkzeug - INFO -  * Detected change in 'C:\\Users\\dell\\anaconda3\\Lib\\__pycache__\\operator.cpython-38.pyc', reloading
[2022-08-16 23:19:17,621] werkzeug - INFO -  * Detected change in 'C:\\Users\\dell\\anaconda3\\Lib\\__pycache__\\keyword.cpython-38.pyc', reloading
[2022-08-16 23:19:17,621] werkzeug - INFO -  * Detected change in 'C:\\Users\\dell\\anaconda3\\Lib\\__pycache__\\heapq.cpython-38.pyc', reloading
[2022-08-16 23:19:17,623] werkzeug - INFO -  * Detected change in 'C:\\Users\\dell\\anaconda3\\Lib\\__pycache__\\reprlib.cpython-38.pyc', reloading
[2022-08-16 23:19:17,627] werkzeug - INFO -  * Detected change in 'C:\\Users\\dell\\anaconda3\\Lib\\__pycache__\\functools.cpython-38.pyc', reloading
[2022-08-16 23:19:17,655] werkzeug - INFO -  * Detected change in 'C:\\Users\\dell\\anaconda3\\Lib\\site-packages\\conda\\__pycache__\\__init__.cpython-38.pyc', reloading
[2022-08-16 23:19:17,656] werkzeug - INFO -  * Detected change in 'C:\\Users\\dell\\anaconda3\\Lib\\__pycache__\\__future__.cpython-38.pyc', reloading
[2022-08-16 23:19:17,657] werkzeug - INFO -  * Detected change in 'C:\\Users\\dell\\anaconda3\\Lib\\json\\__pycache__\\__init__.cpython-38.pyc', reloading
[2022-08-16 23:19:17,660] werkzeug - INFO -  * Detected change in 'C:\\Users\\dell\\anaconda3\\Lib\\json\\__pycache__\\decoder.cpython-38.pyc', reloading
[2022-08-16 23:19:17,662] werkzeug - INFO -  * Detected change in 'C:\\Users\\dell\\anaconda3\\Lib\\__pycache__\\re.cpython-38.pyc', reloading
[2022-08-16 23:19:17,663] werkzeug - INFO -  * Detected change in 'C:\\Users\\dell\\anaconda3\\Lib\\__pycache__\\enum.cpython-38.pyc', reloading
[2022-08-16 23:19:17,665] werkzeug - INFO -  * Detected change in 'C:\\Users\\dell\\anaconda3\\Lib\\__pycache__\\sre_compile.cpython-38.pyc', reloading
[2022-08-16 23:19:17,667] werkzeug - INFO -  * Detected change in 'C:\\Users\\dell\\anaconda3\\Lib\\__pycache__\\sre_parse.cpython-38.pyc', reloading
[2022-08-16 23:19:17,668] werkzeug - INFO -  * Detected change in 'C:\\Users\\dell\\anaconda3\\Lib\\__pycache__\\sre_constants.cpython-38.pyc', reloading
[2022-08-16 23:19:17,669] werkzeug - INFO -  * Detected change in 'C:\\Users\\dell\\anaconda3\\Lib\\__pycache__\\copyreg.cpython-38.pyc', reloading
[2022-08-16 23:19:17,670] werkzeug - INFO -  * Detected change in 'C:\\Users\\dell\\anaconda3\\Lib\\json\\__pycache__\\scanner.cpython-38.pyc', reloading
[2022-08-16 23:19:17,671] werkzeug - INFO -  * Detected change in 'C:\\Users\\dell\\anaconda3\\Lib\\json\\__pycache__\\encoder.cpython-38.pyc', reloading
[2022-08-16 23:19:17,674] werkzeug - INFO -  * Detected change in 'C:\\Users\\dell\\anaconda3\\Lib\\site-packages\\conda\\common\\__pycache__\\__init__.cpython-38.pyc', reloading
[2022-08-16 23:19:17,675] werkzeug - INFO -  * Detected change in 'C:\\Users\\dell\\anaconda3\\Lib\\site-packages\\conda\\common\\__pycache__\\compat.cpython-38.pyc', reloading
[2022-08-16 23:19:17,676] werkzeug - INFO -  * Detected change in 'C:\\Users\\dell\\anaconda3\\Lib\\__pycache__\\tempfile.cpython-38.pyc', reloading
[2022-08-16 23:19:17,678] werkzeug - INFO -  * Detected change in 'C:\\Users\\dell\\anaconda3\\Lib\\__pycache__\\shutil.cpython-38.pyc', reloading
[2022-08-16 23:19:17,679] werkzeug - INFO -  * Detected change in 'C:\\Users\\dell\\anaconda3\\Lib\\__pycache__\\fnmatch.cpython-38.pyc', reloading
[2022-08-16 23:19:17,680] werkzeug - INFO -  * Detected change in 'C:\\Users\\dell\\anaconda3\\Lib\\__pycache__\\posixpath.cpython-38.pyc', reloading
[2022-08-16 23:19:17,681] werkzeug - INFO -  * Detected change in 'C:\\Users\\dell\\anaconda3\\Lib\\__pycache__\\bz2.cpython-38.pyc', reloading
[2022-08-16 23:19:17,683] werkzeug - INFO -  * Detected change in 'C:\\Users\\dell\\anaconda3\\Lib\\__pycache__\\_compression.cpython-38.pyc', reloading
[2022-08-16 23:19:17,684] werkzeug - INFO -  * Detected change in 'C:\\Users\\dell\\anaconda3\\Lib\\__pycache__\\threading.cpython-38.pyc', reloading
[2022-08-16 23:19:17,685] werkzeug - INFO -  * Detected change in 'C:\\Users\\dell\\anaconda3\\Lib\\__pycache__\\_weakrefset.cpython-38.pyc', reloading
[2022-08-16 23:19:17,688] werkzeug - INFO -  * Detected change in 'C:\\Users\\dell\\anaconda3\\Lib\\__pycache__\\lzma.cpython-38.pyc', reloading
[2022-08-16 23:19:17,695] werkzeug - INFO -  * Detected change in 'C:\\Users\\dell\\anaconda3\\Lib\\__pycache__\\random.cpython-38.pyc', reloading
[2022-08-16 23:19:17,696] werkzeug - INFO -  * Detected change in 'C:\\Users\\dell\\anaconda3\\Lib\\__pycache__\\bisect.cpython-38.pyc', reloading
[2022-08-16 23:19:17,698] werkzeug - INFO -  * Detected change in 'C:\\Users\\dell\\anaconda3\\Lib\\__pycache__\\weakref.cpython-38.pyc', reloading
[2022-08-16 23:19:17,699] werkzeug - INFO -  * Detected change in 'C:\\Users\\dell\\anaconda3\\Lib\\collections\\__pycache__\\abc.cpython-38.pyc', reloading
[2022-08-16 23:19:17,700] werkzeug - INFO -  * Detected change in 'C:\\Users\\dell\\anaconda3\\Lib\\site-packages\\conda\\cli\\__pycache__\\__init__.cpython-38.pyc', reloading
[2022-08-16 23:19:17,701] werkzeug - INFO -  * Detected change in 'C:\\Users\\dell\\anaconda3\\Lib\\site-packages\\conda\\cli\\__pycache__\\main.cpython-38.pyc', reloading
[2022-08-16 23:19:17,701] werkzeug - INFO -  * Detected change in 'C:\\Users\\dell\\anaconda3\\Lib\\site-packages\\conda\\__pycache__\\exceptions.cpython-38.pyc', reloading
[2022-08-16 23:19:17,702] werkzeug - INFO -  * Detected change in 'C:\\Users\\dell\\anaconda3\\Lib\\__pycache__\\datetime.cpython-38.pyc', reloading
[2022-08-16 23:19:17,704] werkzeug - INFO -  * Detected change in 'C:\\Users\\dell\\anaconda3\\Lib\\logging\\__pycache__\\__init__.cpython-38.pyc', reloading
[2022-08-16 23:19:17,705] werkzeug - INFO -  * Detected change in 'C:\\Users\\dell\\anaconda3\\Lib\\__pycache__\\traceback.cpython-38.pyc', reloading
[2022-08-16 23:19:17,707] werkzeug - INFO -  * Detected change in 'C:\\Users\\dell\\anaconda3\\Lib\\__pycache__\\linecache.cpython-38.pyc', reloading
[2022-08-16 23:19:17,707] werkzeug - INFO -  * Detected change in 'C:\\Users\\dell\\anaconda3\\Lib\\__pycache__\\tokenize.cpython-38.pyc', reloading
[2022-08-16 23:19:17,708] werkzeug - INFO -  * Detected change in 'C:\\Users\\dell\\anaconda3\\Lib\\__pycache__\\token.cpython-38.pyc', reloading
[2022-08-16 23:19:17,714] werkzeug - INFO -  * Detected change in 'C:\\Users\\dell\\anaconda3\\Lib\\__pycache__\\string.cpython-38.pyc', reloading
[2022-08-16 23:19:17,719] werkzeug - INFO -  * Detected change in 'C:\\Users\\dell\\anaconda3\\Lib\\__pycache__\\textwrap.cpython-38.pyc', reloading
[2022-08-16 23:19:17,721] werkzeug - INFO -  * Detected change in 'C:\\Users\\dell\\anaconda3\\Lib\\__pycache__\\getpass.cpython-38.pyc', reloading
[2022-08-16 23:19:17,722] werkzeug - INFO -  * Detected change in 'C:\\Users\\dell\\anaconda3\\Lib\\site-packages\\conda\\auxlib\\__pycache__\\__init__.cpython-38.pyc', reloading
[2022-08-16 23:19:17,723] werkzeug - INFO -  * Detected change in 'C:\\Users\\dell\\anaconda3\\Lib\\site-packages\\conda\\auxlib\\__pycache__\\entity.cpython-38.pyc', reloading
[2022-08-16 23:19:17,725] werkzeug - INFO -  * Detected change in 'C:\\Users\\dell\\anaconda3\\Lib\\site-packages\\conda\\auxlib\\_vendor\\__pycache__\\__init__.cpython-38.pyc', reloading
[2022-08-16 23:19:17,727] werkzeug - INFO -  * Detected change in 'C:\\Users\\dell\\anaconda3\\Lib\\site-packages\\conda\\auxlib\\_vendor\\boltons\\__pycache__\\__init__.cpython-38.pyc', reloading
[2022-08-16 23:19:17,728] werkzeug - INFO -  * Detected change in 'C:\\Users\\dell\\anaconda3\\Lib\\site-packages\\conda\\auxlib\\_vendor\\boltons\\__pycache__\\timeutils.cpython-38.pyc', reloading
[2022-08-16 23:19:17,730] werkzeug - INFO -  * Detected change in 'C:\\Users\\dell\\anaconda3\\Lib\\site-packages\\conda\\auxlib\\__pycache__\\collection.cpython-38.pyc', reloading
[2022-08-16 23:19:17,730] werkzeug - INFO -  * Detected change in 'C:\\Users\\dell\\anaconda3\\Lib\\site-packages\\conda\\auxlib\\__pycache__\\compat.cpython-38.pyc', reloading
[2022-08-16 23:19:17,731] werkzeug - INFO -  * Detected change in 'C:\\Users\\dell\\anaconda3\\Lib\\site-packages\\conda\\auxlib\\_vendor\\__pycache__\\six.cpython-38.pyc', reloading
[2022-08-16 23:19:17,732] werkzeug - INFO -  * Detected change in 'C:\\Users\\dell\\anaconda3\\Lib\\__pycache__\\struct.cpython-38.pyc', reloading
[2022-08-16 23:19:17,734] werkzeug - INFO -  * Detected change in 'C:\\Users\\dell\\anaconda3\\Lib\\__pycache__\\shlex.cpython-38.pyc', reloading
[2022-08-16 23:19:17,735] werkzeug - INFO -  * Detected change in 'C:\\Users\\dell\\anaconda3\\Lib\\site-packages\\conda\\auxlib\\__pycache__\\exceptions.cpython-38.pyc', reloading
[2022-08-16 23:19:17,736] werkzeug - INFO -  * Detected change in 'C:\\Users\\dell\\anaconda3\\Lib\\site-packages\\conda\\auxlib\\__pycache__\\ish.cpython-38.pyc', reloading
[2022-08-16 23:19:17,736] werkzeug - INFO -  * Detected change in 'C:\\Users\\dell\\anaconda3\\Lib\\site-packages\\conda\\auxlib\\__pycache__\\logz.cpython-38.pyc', reloading
[2022-08-16 23:19:17,737] werkzeug - INFO -  * Detected change in 'C:\\Users\\dell\\anaconda3\\Lib\\site-packages\\conda\\auxlib\\__pycache__\\type_coercion.cpython-38.pyc', reloading
[2022-08-16 23:19:17,738] werkzeug - INFO -  * Detected change in 'C:\\Users\\dell\\anaconda3\\Lib\\site-packages\\conda\\auxlib\\__pycache__\\decorators.cpython-38.pyc', reloading
[2022-08-16 23:19:17,740] werkzeug - INFO -  * Detected change in 'C:\\Users\\dell\\anaconda3\\Lib\\site-packages\\conda\\_vendor\\__pycache__\\__init__.cpython-38.pyc', reloading
[2022-08-16 23:19:17,742] werkzeug - INFO -  * Detected change in 'C:\\Users\\dell\\anaconda3\\Lib\\site-packages\\conda\\_vendor\\toolz\\__pycache__\\__init__.cpython-38.pyc', reloading
[2022-08-16 23:19:17,744] werkzeug - INFO -  * Detected change in 'C:\\Users\\dell\\anaconda3\\Lib\\site-packages\\cytoolz\\__pycache__\\__init__.cpython-38.pyc', reloading
[2022-08-16 23:19:17,751] werkzeug - INFO -  * Detected change in 'C:\\Users\\dell\\anaconda3\\Lib\\site-packages\\toolz\\__pycache__\\__init__.cpython-38.pyc', reloading
[2022-08-16 23:19:17,752] werkzeug - INFO -  * Detected change in 'C:\\Users\\dell\\anaconda3\\Lib\\site-packages\\toolz\\__pycache__\\itertoolz.cpython-38.pyc', reloading
[2022-08-16 23:19:17,753] werkzeug - INFO -  * Detected change in 'C:\\Users\\dell\\anaconda3\\Lib\\site-packages\\toolz\\__pycache__\\utils.cpython-38.pyc', reloading
[2022-08-16 23:19:17,754] werkzeug - INFO -  * Detected change in 'C:\\Users\\dell\\anaconda3\\Lib\\site-packages\\toolz\\__pycache__\\functoolz.cpython-38.pyc', reloading
[2022-08-16 23:19:17,755] werkzeug - INFO -  * Detected change in 'C:\\Users\\dell\\anaconda3\\Lib\\__pycache__\\inspect.cpython-38.pyc', reloading
[2022-08-16 23:19:17,756] werkzeug - INFO -  * Detected change in 'C:\\Users\\dell\\anaconda3\\Lib\\__pycache__\\dis.cpython-38.pyc', reloading
[2022-08-16 23:19:17,758] werkzeug - INFO -  * Detected change in 'C:\\Users\\dell\\anaconda3\\Lib\\__pycache__\\opcode.cpython-38.pyc', reloading
[2022-08-16 23:19:17,761] werkzeug - INFO -  * Detected change in 'C:\\Users\\dell\\anaconda3\\Lib\\site-packages\\toolz\\__pycache__\\_signatures.cpython-38.pyc', reloading
[2022-08-16 23:19:17,762] werkzeug - INFO -  * Detected change in 'C:\\Users\\dell\\anaconda3\\Lib\\site-packages\\toolz\\__pycache__\\dicttoolz.cpython-38.pyc', reloading
[2022-08-16 23:19:17,763] werkzeug - INFO -  * Detected change in 'C:\\Users\\dell\\anaconda3\\Lib\\site-packages\\toolz\\__pycache__\\recipes.cpython-38.pyc', reloading
[2022-08-16 23:19:17,763] werkzeug - INFO -  * Detected change in 'C:\\Users\\dell\\anaconda3\\Lib\\site-packages\\toolz\\curried\\__pycache__\\__init__.cpython-38.pyc', reloading
[2022-08-16 23:19:17,764] werkzeug - INFO -  * Detected change in 'C:\\Users\\dell\\anaconda3\\Lib\\site-packages\\toolz\\curried\\__pycache__\\operator.cpython-38.pyc', reloading
[2022-08-16 23:19:17,765] werkzeug - INFO -  * Detected change in 'C:\\Users\\dell\\anaconda3\\Lib\\__pycache__\\ast.cpython-38.pyc', reloading
[2022-08-16 23:19:17,790] werkzeug - INFO -  * Detected change in 'C:\\Users\\dell\\anaconda3\\Lib\\site-packages\\toolz\\curried\\__pycache__\\exceptions.cpython-38.pyc', reloading
[2022-08-16 23:19:17,792] werkzeug - INFO -  * Detected change in 'C:\\Users\\dell\\anaconda3\\Lib\\site-packages\\toolz\\sandbox\\__pycache__\\__init__.cpython-38.pyc', reloading
[2022-08-16 23:19:17,794] werkzeug - INFO -  * Detected change in 'C:\\Users\\dell\\anaconda3\\Lib\\site-packages\\toolz\\sandbox\\__pycache__\\core.cpython-38.pyc', reloading
[2022-08-16 23:19:17,795] werkzeug - INFO -  * Detected change in 'C:\\Users\\dell\\anaconda3\\Lib\\site-packages\\toolz\\sandbox\\__pycache__\\parallel.cpython-38.pyc', reloading
[2022-08-16 23:19:17,801] werkzeug - INFO -  * Detected change in 'C:\\Users\\dell\\anaconda3\\Lib\\site-packages\\toolz\\__pycache__\\_version.cpython-38.pyc', reloading
[2022-08-16 23:19:17,809] werkzeug - INFO -  * Detected change in 'C:\\Users\\dell\\anaconda3\\Lib\\site-packages\\cytoolz\\__pycache__\\_signatures.cpython-38.pyc', reloading
[2022-08-16 23:19:17,813] werkzeug - INFO -  * Detected change in 'C:\\Users\\dell\\anaconda3\\Lib\\__pycache__\\copy.cpython-38.pyc', reloading
[2022-08-16 23:19:17,817] werkzeug - INFO -  * Detected change in 'C:\\Users\\dell\\anaconda3\\Lib\\site-packages\\cytoolz\\curried\\__pycache__\\__init__.cpython-38.pyc', reloading
